{"/Users/alex/Desktop/Programming/Alexa/askTheDM/src/spells.js":{"path":"/Users/alex/Desktop/Programming/Alexa/askTheDM/src/spells.js","s":{"1":10},"b":{},"f":{},"fnMap":{},"statementMap":{"1":{"start":{"line":1,"column":0},"end":{"line":6312,"column":2}}},"branchMap":{}},"/Users/alex/Desktop/Programming/Alexa/askTheDM/src/index.js":{"path":"/Users/alex/Desktop/Programming/Alexa/askTheDM/src/index.js","s":{"1":9,"2":9,"3":9,"4":9,"5":9,"6":9,"7":17,"8":17,"9":17,"10":17,"11":17,"12":9,"13":1,"14":1,"15":1,"16":1,"17":1,"18":0,"19":0,"20":0,"21":1,"22":1,"23":0,"24":0,"25":0,"26":0,"27":0,"28":0,"29":0,"30":0,"31":0,"32":0,"33":0,"34":0,"35":0,"36":0,"37":0,"38":0,"39":0,"40":0,"41":0,"42":0,"43":0,"44":0,"45":0,"46":0,"47":0,"48":0,"49":0,"50":0,"51":0,"52":0,"53":0,"54":0,"55":0,"56":0,"57":0,"58":0,"59":0,"60":0,"61":0,"62":0,"63":0,"64":0,"65":0,"66":0,"67":0,"68":0,"69":0,"70":0,"71":0,"72":0,"73":0,"74":0,"75":0,"76":0,"77":0,"78":0,"79":0,"80":0,"81":0,"82":0,"83":0,"84":0,"85":0,"86":0,"87":0,"88":0,"89":0,"90":0,"91":0,"92":0,"93":0,"94":0,"95":0,"96":0,"97":0,"98":0,"99":0,"100":0,"101":0,"102":0,"103":0,"104":0,"105":0,"106":0,"107":0,"108":0,"109":0,"110":0,"111":0,"112":0,"113":0,"114":0,"115":0,"116":0,"117":0,"118":0,"119":0,"120":0,"121":0,"122":0,"123":0,"124":0,"125":1,"126":1,"127":1,"128":1,"129":1,"130":1,"131":0,"132":1,"133":0,"134":1,"135":0,"136":0,"137":0,"138":1,"139":0,"140":1,"141":0,"142":1,"143":0,"144":1,"145":1,"146":1,"147":1,"148":1,"149":0,"150":0,"151":0,"152":0,"153":0,"154":0,"155":0,"156":0,"157":0,"158":0,"159":0,"160":0,"161":0,"162":0,"163":0,"164":0,"165":0,"166":0,"167":0,"168":0,"169":0,"170":5,"171":5,"172":5,"173":5,"174":5,"175":5,"176":5,"177":3,"178":0,"179":3,"180":0,"181":3,"182":0,"183":0,"184":3,"185":0,"186":3,"187":2,"188":2,"189":0,"190":0,"191":0,"192":5,"193":5,"194":0,"195":0,"196":0,"197":0,"198":0,"199":9,"200":9,"201":9,"202":9,"203":1,"204":1,"205":1,"206":0,"207":0,"208":0,"209":0},"b":{"1":[1,0],"2":[0,0],"3":[1,0],"4":[0,0],"5":[0,0],"6":[0,0],"7":[0,0,0],"8":[0,0],"9":[0,0],"10":[0,0],"11":[0,0],"12":[0,0],"13":[0,0],"14":[0,0],"15":[0,0],"16":[0,0],"17":[0,0],"18":[0,0],"19":[0,0],"20":[0,0],"21":[0,0],"22":[0,0],"23":[0,0],"24":[0,0],"25":[0,0],"26":[0,0],"27":[0,0],"28":[0,0],"29":[0,0],"30":[0,0],"31":[0,0],"32":[0,0],"33":[0,0],"34":[0,0],"35":[0,0],"36":[0,0],"37":[0,0],"38":[0,1],"39":[1,1],"40":[0,1],"41":[1,1],"42":[0,1],"43":[1,1],"44":[0,1],"45":[1,1],"46":[0,1],"47":[1,1],"48":[0,1],"49":[1,1],"50":[1,0],"51":[0,0],"52":[0,0],"53":[0,0],"54":[0,0],"55":[0,0],"56":[0,0],"57":[0,0],"58":[0,0],"59":[0,0],"60":[0,0],"61":[0,0],"62":[3,2],"63":[5,5],"64":[0,3],"65":[3,3,0],"66":[0,3],"67":[3,3,0],"68":[0,3],"69":[0,3],"70":[2,0],"71":[2,2],"72":[0,0],"73":[5,0]},"f":{"1":17,"2":1,"3":0,"4":0,"5":0,"6":0,"7":0,"8":0,"9":0,"10":1,"11":0,"12":5,"13":0,"14":9,"15":1,"16":0,"17":0,"18":0,"19":0},"fnMap":{"1":{"name":"(anonymous_1)","line":10,"loc":{"start":{"line":10,"column":18},"end":{"line":10,"column":53}}},"2":{"name":"(anonymous_2)","line":19,"loc":{"start":{"line":19,"column":24},"end":{"line":19,"column":36}}},"3":{"name":"(anonymous_3)","line":39,"loc":{"start":{"line":39,"column":19},"end":{"line":39,"column":31}}},"4":{"name":"(anonymous_4)","line":93,"loc":{"start":{"line":93,"column":29},"end":{"line":93,"column":41}}},"5":{"name":"(anonymous_5)","line":117,"loc":{"start":{"line":117,"column":19},"end":{"line":117,"column":30}}},"6":{"name":"(anonymous_6)","line":144,"loc":{"start":{"line":144,"column":25},"end":{"line":144,"column":37}}},"7":{"name":"(anonymous_7)","line":149,"loc":{"start":{"line":149,"column":20},"end":{"line":149,"column":30}}},"8":{"name":"(anonymous_8)","line":169,"loc":{"start":{"line":169,"column":19},"end":{"line":169,"column":31}}},"9":{"name":"(anonymous_9)","line":201,"loc":{"start":{"line":201,"column":23},"end":{"line":201,"column":35}}},"10":{"name":"(anonymous_10)","line":237,"loc":{"start":{"line":237,"column":25},"end":{"line":237,"column":35}}},"11":{"name":"(anonymous_11)","line":284,"loc":{"start":{"line":284,"column":23},"end":{"line":284,"column":33}}},"12":{"name":"(anonymous_12)","line":329,"loc":{"start":{"line":329,"column":20},"end":{"line":329,"column":32}}},"13":{"name":"(anonymous_13)","line":368,"loc":{"start":{"line":368,"column":17},"end":{"line":368,"column":29}}},"14":{"name":"(anonymous_14)","line":375,"loc":{"start":{"line":375,"column":21},"end":{"line":375,"column":33}}},"15":{"name":"(anonymous_15)","line":384,"loc":{"start":{"line":384,"column":25},"end":{"line":384,"column":37}}},"16":{"name":"(anonymous_16)","line":389,"loc":{"start":{"line":389,"column":27},"end":{"line":389,"column":39}}},"17":{"name":"(anonymous_17)","line":392,"loc":{"start":{"line":392,"column":25},"end":{"line":392,"column":37}}},"18":{"name":"(anonymous_18)","line":395,"loc":{"start":{"line":395,"column":27},"end":{"line":395,"column":39}}},"19":{"name":"(anonymous_19)","line":398,"loc":{"start":{"line":398,"column":26},"end":{"line":398,"column":38}}}},"statementMap":{"1":{"start":{"line":3,"column":0},"end":{"line":3,"column":43}},"2":{"start":{"line":4,"column":0},"end":{"line":4,"column":77}},"3":{"start":{"line":5,"column":0},"end":{"line":5,"column":51}},"4":{"start":{"line":6,"column":0},"end":{"line":6,"column":47}},"5":{"start":{"line":7,"column":0},"end":{"line":7,"column":53}},"6":{"start":{"line":10,"column":0},"end":{"line":16,"column":2}},"7":{"start":{"line":11,"column":4},"end":{"line":11,"column":52}},"8":{"start":{"line":12,"column":4},"end":{"line":12,"column":29}},"9":{"start":{"line":13,"column":4},"end":{"line":13,"column":38}},"10":{"start":{"line":14,"column":4},"end":{"line":14,"column":37}},"11":{"start":{"line":15,"column":4},"end":{"line":15,"column":20}},"12":{"start":{"line":18,"column":0},"end":{"line":401,"column":2}},"13":{"start":{"line":20,"column":8},"end":{"line":20,"column":115}},"14":{"start":{"line":21,"column":8},"end":{"line":21,"column":86}},"15":{"start":{"line":22,"column":8},"end":{"line":22,"column":60}},"16":{"start":{"line":25,"column":8},"end":{"line":31,"column":9}},"17":{"start":{"line":26,"column":12},"end":{"line":26,"column":56}},"18":{"start":{"line":27,"column":14},"end":{"line":31,"column":9}},"19":{"start":{"line":28,"column":12},"end":{"line":28,"column":143}},"20":{"start":{"line":30,"column":12},"end":{"line":30,"column":63}},"21":{"start":{"line":33,"column":8},"end":{"line":37,"column":9}},"22":{"start":{"line":34,"column":12},"end":{"line":34,"column":106}},"23":{"start":{"line":36,"column":12},"end":{"line":36,"column":64}},"24":{"start":{"line":40,"column":8},"end":{"line":40,"column":106}},"25":{"start":{"line":41,"column":8},"end":{"line":41,"column":106}},"26":{"start":{"line":42,"column":8},"end":{"line":42,"column":98}},"27":{"start":{"line":43,"column":8},"end":{"line":43,"column":99}},"28":{"start":{"line":44,"column":8},"end":{"line":44,"column":22}},"29":{"start":{"line":45,"column":8},"end":{"line":45,"column":23}},"30":{"start":{"line":46,"column":8},"end":{"line":46,"column":19}},"31":{"start":{"line":48,"column":8},"end":{"line":48,"column":60}},"32":{"start":{"line":50,"column":8},"end":{"line":53,"column":9}},"33":{"start":{"line":51,"column":12},"end":{"line":51,"column":102}},"34":{"start":{"line":52,"column":12},"end":{"line":52,"column":63}},"35":{"start":{"line":55,"column":8},"end":{"line":55,"column":52}},"36":{"start":{"line":57,"column":8},"end":{"line":84,"column":9}},"37":{"start":{"line":59,"column":12},"end":{"line":59,"column":82}},"38":{"start":{"line":60,"column":12},"end":{"line":60,"column":84}},"39":{"start":{"line":61,"column":14},"end":{"line":84,"column":9}},"40":{"start":{"line":63,"column":12},"end":{"line":63,"column":67}},"41":{"start":{"line":64,"column":12},"end":{"line":64,"column":67}},"42":{"start":{"line":66,"column":12},"end":{"line":68,"column":13}},"43":{"start":{"line":67,"column":16},"end":{"line":67,"column":75}},"44":{"start":{"line":70,"column":12},"end":{"line":72,"column":13}},"45":{"start":{"line":71,"column":16},"end":{"line":71,"column":75}},"46":{"start":{"line":74,"column":12},"end":{"line":81,"column":53}},"47":{"start":{"line":83,"column":12},"end":{"line":83,"column":105}},"48":{"start":{"line":86,"column":8},"end":{"line":91,"column":9}},"49":{"start":{"line":87,"column":12},"end":{"line":87,"column":106}},"50":{"start":{"line":90,"column":12},"end":{"line":90,"column":64}},"51":{"start":{"line":94,"column":8},"end":{"line":94,"column":106}},"52":{"start":{"line":95,"column":8},"end":{"line":95,"column":86}},"53":{"start":{"line":97,"column":8},"end":{"line":97,"column":60}},"54":{"start":{"line":99,"column":8},"end":{"line":108,"column":9}},"55":{"start":{"line":100,"column":12},"end":{"line":100,"column":62}},"56":{"start":{"line":101,"column":14},"end":{"line":108,"column":9}},"57":{"start":{"line":102,"column":12},"end":{"line":102,"column":158}},"58":{"start":{"line":103,"column":14},"end":{"line":108,"column":9}},"59":{"start":{"line":104,"column":12},"end":{"line":104,"column":75}},"60":{"start":{"line":107,"column":12},"end":{"line":107,"column":63}},"61":{"start":{"line":110,"column":8},"end":{"line":115,"column":9}},"62":{"start":{"line":111,"column":12},"end":{"line":111,"column":106}},"63":{"start":{"line":114,"column":12},"end":{"line":114,"column":64}},"64":{"start":{"line":118,"column":8},"end":{"line":118,"column":103}},"65":{"start":{"line":119,"column":8},"end":{"line":119,"column":99}},"66":{"start":{"line":120,"column":8},"end":{"line":120,"column":60}},"67":{"start":{"line":121,"column":8},"end":{"line":121,"column":74}},"68":{"start":{"line":123,"column":8},"end":{"line":123,"column":60}},"69":{"start":{"line":126,"column":8},"end":{"line":136,"column":9}},"70":{"start":{"line":127,"column":12},"end":{"line":127,"column":69}},"71":{"start":{"line":128,"column":14},"end":{"line":136,"column":9}},"72":{"start":{"line":129,"column":12},"end":{"line":129,"column":67}},"73":{"start":{"line":132,"column":14},"end":{"line":136,"column":9}},"74":{"start":{"line":133,"column":12},"end":{"line":133,"column":130}},"75":{"start":{"line":135,"column":12},"end":{"line":135,"column":63}},"76":{"start":{"line":138,"column":8},"end":{"line":142,"column":9}},"77":{"start":{"line":139,"column":12},"end":{"line":139,"column":106}},"78":{"start":{"line":141,"column":12},"end":{"line":141,"column":64}},"79":{"start":{"line":145,"column":8},"end":{"line":145,"column":47}},"80":{"start":{"line":146,"column":8},"end":{"line":146,"column":68}},"81":{"start":{"line":147,"column":8},"end":{"line":147,"column":59}},"82":{"start":{"line":150,"column":8},"end":{"line":150,"column":101}},"83":{"start":{"line":151,"column":8},"end":{"line":151,"column":67}},"84":{"start":{"line":153,"column":8},"end":{"line":153,"column":60}},"85":{"start":{"line":155,"column":8},"end":{"line":161,"column":9}},"86":{"start":{"line":156,"column":12},"end":{"line":156,"column":91}},"87":{"start":{"line":157,"column":14},"end":{"line":161,"column":9}},"88":{"start":{"line":158,"column":12},"end":{"line":158,"column":135}},"89":{"start":{"line":160,"column":12},"end":{"line":160,"column":63}},"90":{"start":{"line":163,"column":8},"end":{"line":167,"column":9}},"91":{"start":{"line":164,"column":12},"end":{"line":164,"column":106}},"92":{"start":{"line":166,"column":12},"end":{"line":166,"column":64}},"93":{"start":{"line":170,"column":8},"end":{"line":170,"column":105}},"94":{"start":{"line":171,"column":8},"end":{"line":171,"column":114}},"95":{"start":{"line":172,"column":8},"end":{"line":172,"column":67}},"96":{"start":{"line":173,"column":8},"end":{"line":173,"column":86}},"97":{"start":{"line":175,"column":8},"end":{"line":175,"column":60}},"98":{"start":{"line":177,"column":8},"end":{"line":193,"column":9}},"99":{"start":{"line":178,"column":12},"end":{"line":182,"column":13}},"100":{"start":{"line":179,"column":16},"end":{"line":179,"column":114}},"101":{"start":{"line":181,"column":16},"end":{"line":181,"column":71}},"102":{"start":{"line":183,"column":14},"end":{"line":193,"column":9}},"103":{"start":{"line":184,"column":12},"end":{"line":188,"column":13}},"104":{"start":{"line":185,"column":16},"end":{"line":185,"column":77}},"105":{"start":{"line":187,"column":16},"end":{"line":187,"column":77}},"106":{"start":{"line":189,"column":14},"end":{"line":193,"column":9}},"107":{"start":{"line":190,"column":12},"end":{"line":190,"column":128}},"108":{"start":{"line":192,"column":12},"end":{"line":192,"column":63}},"109":{"start":{"line":195,"column":8},"end":{"line":199,"column":9}},"110":{"start":{"line":196,"column":12},"end":{"line":196,"column":106}},"111":{"start":{"line":198,"column":12},"end":{"line":198,"column":64}},"112":{"start":{"line":202,"column":8},"end":{"line":202,"column":91}},"113":{"start":{"line":203,"column":8},"end":{"line":203,"column":46}},"114":{"start":{"line":205,"column":8},"end":{"line":205,"column":60}},"115":{"start":{"line":208,"column":8},"end":{"line":229,"column":9}},"116":{"start":{"line":209,"column":12},"end":{"line":222,"column":13}},"117":{"start":{"line":210,"column":16},"end":{"line":214,"column":34}},"118":{"start":{"line":216,"column":16},"end":{"line":221,"column":34}},"119":{"start":{"line":225,"column":14},"end":{"line":229,"column":9}},"120":{"start":{"line":226,"column":12},"end":{"line":226,"column":126}},"121":{"start":{"line":228,"column":12},"end":{"line":228,"column":63}},"122":{"start":{"line":231,"column":8},"end":{"line":235,"column":9}},"123":{"start":{"line":232,"column":12},"end":{"line":232,"column":105}},"124":{"start":{"line":234,"column":12},"end":{"line":234,"column":64}},"125":{"start":{"line":238,"column":8},"end":{"line":238,"column":105}},"126":{"start":{"line":239,"column":8},"end":{"line":239,"column":109}},"127":{"start":{"line":240,"column":8},"end":{"line":240,"column":68}},"128":{"start":{"line":241,"column":8},"end":{"line":241,"column":77}},"129":{"start":{"line":243,"column":8},"end":{"line":243,"column":60}},"130":{"start":{"line":245,"column":8},"end":{"line":275,"column":9}},"131":{"start":{"line":246,"column":12},"end":{"line":246,"column":78}},"132":{"start":{"line":247,"column":14},"end":{"line":275,"column":9}},"133":{"start":{"line":249,"column":12},"end":{"line":249,"column":59}},"134":{"start":{"line":253,"column":12},"end":{"line":274,"column":13}},"135":{"start":{"line":255,"column":16},"end":{"line":255,"column":58}},"136":{"start":{"line":256,"column":16},"end":{"line":256,"column":48}},"137":{"start":{"line":257,"column":16},"end":{"line":259,"column":87}},"138":{"start":{"line":260,"column":18},"end":{"line":274,"column":13}},"139":{"start":{"line":261,"column":16},"end":{"line":262,"column":113}},"140":{"start":{"line":263,"column":18},"end":{"line":274,"column":13}},"141":{"start":{"line":264,"column":16},"end":{"line":264,"column":135}},"142":{"start":{"line":265,"column":18},"end":{"line":274,"column":13}},"143":{"start":{"line":266,"column":16},"end":{"line":266,"column":113}},"144":{"start":{"line":269,"column":16},"end":{"line":269,"column":53}},"145":{"start":{"line":270,"column":16},"end":{"line":270,"column":48}},"146":{"start":{"line":271,"column":16},"end":{"line":273,"column":76}},"147":{"start":{"line":277,"column":8},"end":{"line":281,"column":9}},"148":{"start":{"line":278,"column":12},"end":{"line":278,"column":106}},"149":{"start":{"line":280,"column":12},"end":{"line":280,"column":64}},"150":{"start":{"line":285,"column":8},"end":{"line":285,"column":105}},"151":{"start":{"line":286,"column":8},"end":{"line":286,"column":109}},"152":{"start":{"line":287,"column":8},"end":{"line":287,"column":68}},"153":{"start":{"line":288,"column":8},"end":{"line":288,"column":77}},"154":{"start":{"line":290,"column":8},"end":{"line":290,"column":60}},"155":{"start":{"line":292,"column":8},"end":{"line":321,"column":9}},"156":{"start":{"line":294,"column":12},"end":{"line":294,"column":84}},"157":{"start":{"line":295,"column":14},"end":{"line":321,"column":9}},"158":{"start":{"line":297,"column":12},"end":{"line":297,"column":60}},"159":{"start":{"line":298,"column":14},"end":{"line":321,"column":9}},"160":{"start":{"line":300,"column":12},"end":{"line":300,"column":129}},"161":{"start":{"line":302,"column":13},"end":{"line":321,"column":9}},"162":{"start":{"line":304,"column":12},"end":{"line":304,"column":131}},"163":{"start":{"line":308,"column":12},"end":{"line":308,"column":52}},"164":{"start":{"line":310,"column":12},"end":{"line":320,"column":13}},"165":{"start":{"line":312,"column":16},"end":{"line":312,"column":116}},"166":{"start":{"line":316,"column":16},"end":{"line":319,"column":94}},"167":{"start":{"line":323,"column":8},"end":{"line":327,"column":9}},"168":{"start":{"line":324,"column":12},"end":{"line":324,"column":106}},"169":{"start":{"line":326,"column":12},"end":{"line":326,"column":64}},"170":{"start":{"line":330,"column":8},"end":{"line":330,"column":105}},"171":{"start":{"line":331,"column":8},"end":{"line":331,"column":109}},"172":{"start":{"line":332,"column":8},"end":{"line":332,"column":68}},"173":{"start":{"line":333,"column":8},"end":{"line":333,"column":87}},"174":{"start":{"line":335,"column":8},"end":{"line":335,"column":60}},"175":{"start":{"line":337,"column":8},"end":{"line":337,"column":66}},"176":{"start":{"line":340,"column":8},"end":{"line":360,"column":9}},"177":{"start":{"line":342,"column":12},"end":{"line":353,"column":13}},"178":{"start":{"line":343,"column":16},"end":{"line":343,"column":113}},"179":{"start":{"line":344,"column":18},"end":{"line":353,"column":13}},"180":{"start":{"line":345,"column":16},"end":{"line":345,"column":72}},"181":{"start":{"line":346,"column":18},"end":{"line":353,"column":13}},"182":{"start":{"line":347,"column":16},"end":{"line":347,"column":48}},"183":{"start":{"line":348,"column":16},"end":{"line":348,"column":176}},"184":{"start":{"line":349,"column":18},"end":{"line":353,"column":13}},"185":{"start":{"line":350,"column":16},"end":{"line":350,"column":133}},"186":{"start":{"line":352,"column":16},"end":{"line":352,"column":72}},"187":{"start":{"line":354,"column":14},"end":{"line":360,"column":9}},"188":{"start":{"line":355,"column":12},"end":{"line":355,"column":69}},"189":{"start":{"line":356,"column":14},"end":{"line":360,"column":9}},"190":{"start":{"line":357,"column":12},"end":{"line":357,"column":131}},"191":{"start":{"line":359,"column":12},"end":{"line":359,"column":63}},"192":{"start":{"line":362,"column":8},"end":{"line":366,"column":9}},"193":{"start":{"line":363,"column":12},"end":{"line":363,"column":106}},"194":{"start":{"line":365,"column":12},"end":{"line":365,"column":64}},"195":{"start":{"line":369,"column":8},"end":{"line":369,"column":51}},"196":{"start":{"line":370,"column":8},"end":{"line":370,"column":63}},"197":{"start":{"line":371,"column":8},"end":{"line":371,"column":67}},"198":{"start":{"line":372,"column":8},"end":{"line":372,"column":94}},"199":{"start":{"line":379,"column":8},"end":{"line":379,"column":51}},"200":{"start":{"line":380,"column":8},"end":{"line":380,"column":69}},"201":{"start":{"line":381,"column":8},"end":{"line":381,"column":70}},"202":{"start":{"line":382,"column":8},"end":{"line":382,"column":94}},"203":{"start":{"line":385,"column":8},"end":{"line":385,"column":62}},"204":{"start":{"line":386,"column":8},"end":{"line":386,"column":65}},"205":{"start":{"line":387,"column":8},"end":{"line":387,"column":94}},"206":{"start":{"line":390,"column":8},"end":{"line":390,"column":94}},"207":{"start":{"line":393,"column":8},"end":{"line":393,"column":41}},"208":{"start":{"line":396,"column":8},"end":{"line":396,"column":41}},"209":{"start":{"line":399,"column":8},"end":{"line":399,"column":48}}},"branchMap":{"1":{"line":25,"type":"if","locations":[{"start":{"line":25,"column":8},"end":{"line":25,"column":8}},{"start":{"line":25,"column":8},"end":{"line":25,"column":8}}]},"2":{"line":27,"type":"if","locations":[{"start":{"line":27,"column":14},"end":{"line":27,"column":14}},{"start":{"line":27,"column":14},"end":{"line":27,"column":14}}]},"3":{"line":33,"type":"if","locations":[{"start":{"line":33,"column":8},"end":{"line":33,"column":8}},{"start":{"line":33,"column":8},"end":{"line":33,"column":8}}]},"4":{"line":40,"type":"binary-expr","locations":[{"start":{"line":40,"column":31},"end":{"line":40,"column":100}},{"start":{"line":40,"column":104},"end":{"line":40,"column":105}}]},"5":{"line":41,"type":"binary-expr","locations":[{"start":{"line":41,"column":31},"end":{"line":41,"column":100}},{"start":{"line":41,"column":104},"end":{"line":41,"column":105}}]},"6":{"line":50,"type":"if","locations":[{"start":{"line":50,"column":8},"end":{"line":50,"column":8}},{"start":{"line":50,"column":8},"end":{"line":50,"column":8}}]},"7":{"line":50,"type":"binary-expr","locations":[{"start":{"line":50,"column":12},"end":{"line":50,"column":29}},{"start":{"line":50,"column":35},"end":{"line":50,"column":51}},{"start":{"line":50,"column":57},"end":{"line":50,"column":76}}]},"8":{"line":57,"type":"if","locations":[{"start":{"line":57,"column":8},"end":{"line":57,"column":8}},{"start":{"line":57,"column":8},"end":{"line":57,"column":8}}]},"9":{"line":61,"type":"if","locations":[{"start":{"line":61,"column":14},"end":{"line":61,"column":14}},{"start":{"line":61,"column":14},"end":{"line":61,"column":14}}]},"10":{"line":66,"type":"if","locations":[{"start":{"line":66,"column":12},"end":{"line":66,"column":12}},{"start":{"line":66,"column":12},"end":{"line":66,"column":12}}]},"11":{"line":70,"type":"if","locations":[{"start":{"line":70,"column":12},"end":{"line":70,"column":12}},{"start":{"line":70,"column":12},"end":{"line":70,"column":12}}]},"12":{"line":86,"type":"if","locations":[{"start":{"line":86,"column":8},"end":{"line":86,"column":8}},{"start":{"line":86,"column":8},"end":{"line":86,"column":8}}]},"13":{"line":99,"type":"if","locations":[{"start":{"line":99,"column":8},"end":{"line":99,"column":8}},{"start":{"line":99,"column":8},"end":{"line":99,"column":8}}]},"14":{"line":101,"type":"if","locations":[{"start":{"line":101,"column":14},"end":{"line":101,"column":14}},{"start":{"line":101,"column":14},"end":{"line":101,"column":14}}]},"15":{"line":103,"type":"if","locations":[{"start":{"line":103,"column":14},"end":{"line":103,"column":14}},{"start":{"line":103,"column":14},"end":{"line":103,"column":14}}]},"16":{"line":110,"type":"if","locations":[{"start":{"line":110,"column":8},"end":{"line":110,"column":8}},{"start":{"line":110,"column":8},"end":{"line":110,"column":8}}]},"17":{"line":126,"type":"if","locations":[{"start":{"line":126,"column":8},"end":{"line":126,"column":8}},{"start":{"line":126,"column":8},"end":{"line":126,"column":8}}]},"18":{"line":126,"type":"binary-expr","locations":[{"start":{"line":126,"column":12},"end":{"line":126,"column":20}},{"start":{"line":126,"column":24},"end":{"line":126,"column":36}}]},"19":{"line":128,"type":"if","locations":[{"start":{"line":128,"column":14},"end":{"line":128,"column":14}},{"start":{"line":128,"column":14},"end":{"line":128,"column":14}}]},"20":{"line":128,"type":"binary-expr","locations":[{"start":{"line":128,"column":17},"end":{"line":128,"column":25}},{"start":{"line":128,"column":29},"end":{"line":128,"column":42}}]},"21":{"line":132,"type":"if","locations":[{"start":{"line":132,"column":14},"end":{"line":132,"column":14}},{"start":{"line":132,"column":14},"end":{"line":132,"column":14}}]},"22":{"line":138,"type":"if","locations":[{"start":{"line":138,"column":8},"end":{"line":138,"column":8}},{"start":{"line":138,"column":8},"end":{"line":138,"column":8}}]},"23":{"line":155,"type":"if","locations":[{"start":{"line":155,"column":8},"end":{"line":155,"column":8}},{"start":{"line":155,"column":8},"end":{"line":155,"column":8}}]},"24":{"line":157,"type":"if","locations":[{"start":{"line":157,"column":14},"end":{"line":157,"column":14}},{"start":{"line":157,"column":14},"end":{"line":157,"column":14}}]},"25":{"line":163,"type":"if","locations":[{"start":{"line":163,"column":8},"end":{"line":163,"column":8}},{"start":{"line":163,"column":8},"end":{"line":163,"column":8}}]},"26":{"line":177,"type":"if","locations":[{"start":{"line":177,"column":8},"end":{"line":177,"column":8}},{"start":{"line":177,"column":8},"end":{"line":177,"column":8}}]},"27":{"line":177,"type":"binary-expr","locations":[{"start":{"line":177,"column":11},"end":{"line":177,"column":15}},{"start":{"line":177,"column":19},"end":{"line":177,"column":32}}]},"28":{"line":178,"type":"if","locations":[{"start":{"line":178,"column":12},"end":{"line":178,"column":12}},{"start":{"line":178,"column":12},"end":{"line":178,"column":12}}]},"29":{"line":183,"type":"if","locations":[{"start":{"line":183,"column":14},"end":{"line":183,"column":14}},{"start":{"line":183,"column":14},"end":{"line":183,"column":14}}]},"30":{"line":183,"type":"binary-expr","locations":[{"start":{"line":183,"column":17},"end":{"line":183,"column":21}},{"start":{"line":183,"column":25},"end":{"line":183,"column":39}}]},"31":{"line":184,"type":"if","locations":[{"start":{"line":184,"column":12},"end":{"line":184,"column":12}},{"start":{"line":184,"column":12},"end":{"line":184,"column":12}}]},"32":{"line":189,"type":"if","locations":[{"start":{"line":189,"column":14},"end":{"line":189,"column":14}},{"start":{"line":189,"column":14},"end":{"line":189,"column":14}}]},"33":{"line":195,"type":"if","locations":[{"start":{"line":195,"column":8},"end":{"line":195,"column":8}},{"start":{"line":195,"column":8},"end":{"line":195,"column":8}}]},"34":{"line":208,"type":"if","locations":[{"start":{"line":208,"column":8},"end":{"line":208,"column":8}},{"start":{"line":208,"column":8},"end":{"line":208,"column":8}}]},"35":{"line":209,"type":"if","locations":[{"start":{"line":209,"column":12},"end":{"line":209,"column":12}},{"start":{"line":209,"column":12},"end":{"line":209,"column":12}}]},"36":{"line":225,"type":"if","locations":[{"start":{"line":225,"column":14},"end":{"line":225,"column":14}},{"start":{"line":225,"column":14},"end":{"line":225,"column":14}}]},"37":{"line":231,"type":"if","locations":[{"start":{"line":231,"column":8},"end":{"line":231,"column":8}},{"start":{"line":231,"column":8},"end":{"line":231,"column":8}}]},"38":{"line":245,"type":"if","locations":[{"start":{"line":245,"column":8},"end":{"line":245,"column":8}},{"start":{"line":245,"column":8},"end":{"line":245,"column":8}}]},"39":{"line":245,"type":"binary-expr","locations":[{"start":{"line":245,"column":11},"end":{"line":245,"column":16}},{"start":{"line":245,"column":20},"end":{"line":245,"column":44}}]},"40":{"line":247,"type":"if","locations":[{"start":{"line":247,"column":14},"end":{"line":247,"column":14}},{"start":{"line":247,"column":14},"end":{"line":247,"column":14}}]},"41":{"line":247,"type":"binary-expr","locations":[{"start":{"line":247,"column":17},"end":{"line":247,"column":22}},{"start":{"line":247,"column":26},"end":{"line":247,"column":58}}]},"42":{"line":253,"type":"if","locations":[{"start":{"line":253,"column":12},"end":{"line":253,"column":12}},{"start":{"line":253,"column":12},"end":{"line":253,"column":12}}]},"43":{"line":253,"type":"binary-expr","locations":[{"start":{"line":253,"column":15},"end":{"line":253,"column":20}},{"start":{"line":253,"column":24},"end":{"line":253,"column":56}}]},"44":{"line":260,"type":"if","locations":[{"start":{"line":260,"column":18},"end":{"line":260,"column":18}},{"start":{"line":260,"column":18},"end":{"line":260,"column":18}}]},"45":{"line":260,"type":"binary-expr","locations":[{"start":{"line":260,"column":21},"end":{"line":260,"column":26}},{"start":{"line":260,"column":30},"end":{"line":260,"column":39}}]},"46":{"line":263,"type":"if","locations":[{"start":{"line":263,"column":18},"end":{"line":263,"column":18}},{"start":{"line":263,"column":18},"end":{"line":263,"column":18}}]},"47":{"line":263,"type":"binary-expr","locations":[{"start":{"line":263,"column":22},"end":{"line":263,"column":27}},{"start":{"line":263,"column":31},"end":{"line":263,"column":37}}]},"48":{"line":265,"type":"if","locations":[{"start":{"line":265,"column":18},"end":{"line":265,"column":18}},{"start":{"line":265,"column":18},"end":{"line":265,"column":18}}]},"49":{"line":265,"type":"binary-expr","locations":[{"start":{"line":265,"column":22},"end":{"line":265,"column":28}},{"start":{"line":265,"column":32},"end":{"line":265,"column":38}}]},"50":{"line":277,"type":"if","locations":[{"start":{"line":277,"column":8},"end":{"line":277,"column":8}},{"start":{"line":277,"column":8},"end":{"line":277,"column":8}}]},"51":{"line":292,"type":"if","locations":[{"start":{"line":292,"column":8},"end":{"line":292,"column":8}},{"start":{"line":292,"column":8},"end":{"line":292,"column":8}}]},"52":{"line":292,"type":"binary-expr","locations":[{"start":{"line":292,"column":11},"end":{"line":292,"column":16}},{"start":{"line":292,"column":20},"end":{"line":292,"column":47}}]},"53":{"line":295,"type":"if","locations":[{"start":{"line":295,"column":14},"end":{"line":295,"column":14}},{"start":{"line":295,"column":14},"end":{"line":295,"column":14}}]},"54":{"line":295,"type":"binary-expr","locations":[{"start":{"line":295,"column":17},"end":{"line":295,"column":22}},{"start":{"line":295,"column":26},"end":{"line":295,"column":59}}]},"55":{"line":298,"type":"if","locations":[{"start":{"line":298,"column":14},"end":{"line":298,"column":14}},{"start":{"line":298,"column":14},"end":{"line":298,"column":14}}]},"56":{"line":298,"type":"binary-expr","locations":[{"start":{"line":298,"column":18},"end":{"line":298,"column":23}},{"start":{"line":298,"column":27},"end":{"line":298,"column":33}}]},"57":{"line":302,"type":"if","locations":[{"start":{"line":302,"column":13},"end":{"line":302,"column":13}},{"start":{"line":302,"column":13},"end":{"line":302,"column":13}}]},"58":{"line":302,"type":"binary-expr","locations":[{"start":{"line":302,"column":16},"end":{"line":302,"column":21}},{"start":{"line":302,"column":25},"end":{"line":302,"column":31}}]},"59":{"line":310,"type":"if","locations":[{"start":{"line":310,"column":12},"end":{"line":310,"column":12}},{"start":{"line":310,"column":12},"end":{"line":310,"column":12}}]},"60":{"line":310,"type":"binary-expr","locations":[{"start":{"line":310,"column":15},"end":{"line":310,"column":20}},{"start":{"line":310,"column":24},"end":{"line":310,"column":33}}]},"61":{"line":323,"type":"if","locations":[{"start":{"line":323,"column":8},"end":{"line":323,"column":8}},{"start":{"line":323,"column":8},"end":{"line":323,"column":8}}]},"62":{"line":340,"type":"if","locations":[{"start":{"line":340,"column":8},"end":{"line":340,"column":8}},{"start":{"line":340,"column":8},"end":{"line":340,"column":8}}]},"63":{"line":340,"type":"binary-expr","locations":[{"start":{"line":340,"column":12},"end":{"line":340,"column":17}},{"start":{"line":340,"column":21},"end":{"line":340,"column":44}}]},"64":{"line":342,"type":"if","locations":[{"start":{"line":342,"column":12},"end":{"line":342,"column":12}},{"start":{"line":342,"column":12},"end":{"line":342,"column":12}}]},"65":{"line":342,"type":"binary-expr","locations":[{"start":{"line":342,"column":16},"end":{"line":342,"column":50}},{"start":{"line":342,"column":54},"end":{"line":342,"column":89}},{"start":{"line":342,"column":94},"end":{"line":342,"column":127}}]},"66":{"line":344,"type":"if","locations":[{"start":{"line":344,"column":18},"end":{"line":344,"column":18}},{"start":{"line":344,"column":18},"end":{"line":344,"column":18}}]},"67":{"line":344,"type":"binary-expr","locations":[{"start":{"line":344,"column":22},"end":{"line":344,"column":56}},{"start":{"line":344,"column":60},"end":{"line":344,"column":95}},{"start":{"line":344,"column":100},"end":{"line":344,"column":132}}]},"68":{"line":346,"type":"if","locations":[{"start":{"line":346,"column":18},"end":{"line":346,"column":18}},{"start":{"line":346,"column":18},"end":{"line":346,"column":18}}]},"69":{"line":349,"type":"if","locations":[{"start":{"line":349,"column":18},"end":{"line":349,"column":18}},{"start":{"line":349,"column":18},"end":{"line":349,"column":18}}]},"70":{"line":354,"type":"if","locations":[{"start":{"line":354,"column":14},"end":{"line":354,"column":14}},{"start":{"line":354,"column":14},"end":{"line":354,"column":14}}]},"71":{"line":354,"type":"binary-expr","locations":[{"start":{"line":354,"column":17},"end":{"line":354,"column":22}},{"start":{"line":354,"column":26},"end":{"line":354,"column":41}}]},"72":{"line":356,"type":"if","locations":[{"start":{"line":356,"column":14},"end":{"line":356,"column":14}},{"start":{"line":356,"column":14},"end":{"line":356,"column":14}}]},"73":{"line":362,"type":"if","locations":[{"start":{"line":362,"column":8},"end":{"line":362,"column":8}},{"start":{"line":362,"column":8},"end":{"line":362,"column":8}}]}}},"/Users/alex/Desktop/Programming/Alexa/askTheDM/src/languageStrings.js":{"path":"/Users/alex/Desktop/Programming/Alexa/askTheDM/src/languageStrings.js","s":{"1":9,"2":9,"3":9,"4":9,"5":9,"6":9,"7":9},"b":{},"f":{},"fnMap":{},"statementMap":{"1":{"start":{"line":1,"column":0},"end":{"line":1,"column":46}},"2":{"start":{"line":2,"column":0},"end":{"line":2,"column":51}},"3":{"start":{"line":3,"column":0},"end":{"line":3,"column":45}},"4":{"start":{"line":4,"column":0},"end":{"line":4,"column":41}},"5":{"start":{"line":5,"column":0},"end":{"line":5,"column":41}},"6":{"start":{"line":6,"column":0},"end":{"line":6,"column":42}},"7":{"start":{"line":8,"column":0},"end":{"line":39,"column":2}}},"branchMap":{}},"/Users/alex/Desktop/Programming/Alexa/askTheDM/src/conditions.js":{"path":"/Users/alex/Desktop/Programming/Alexa/askTheDM/src/conditions.js","s":{"1":9},"b":{},"f":{},"fnMap":{},"statementMap":{"1":{"start":{"line":1,"column":0},"end":{"line":34,"column":2}}},"branchMap":{}},"/Users/alex/Desktop/Programming/Alexa/askTheDM/src/exhaustionLevel.js":{"path":"/Users/alex/Desktop/Programming/Alexa/askTheDM/src/exhaustionLevel.js","s":{"1":9},"b":{},"f":{},"fnMap":{},"statementMap":{"1":{"start":{"line":1,"column":0},"end":{"line":16,"column":2}}},"branchMap":{}},"/Users/alex/Desktop/Programming/Alexa/askTheDM/src/indexInfo.js":{"path":"/Users/alex/Desktop/Programming/Alexa/askTheDM/src/indexInfo.js","s":{"1":9},"b":{},"f":{},"fnMap":{},"statementMap":{"1":{"start":{"line":1,"column":0},"end":{"line":11386,"column":2}}},"branchMap":{}},"/Users/alex/Desktop/Programming/Alexa/askTheDM/src/items.js":{"path":"/Users/alex/Desktop/Programming/Alexa/askTheDM/src/items.js","s":{"1":9},"b":{},"f":{},"fnMap":{},"statementMap":{"1":{"start":{"line":1,"column":0},"end":{"line":1284,"column":2}}},"branchMap":{}},"/Users/alex/Desktop/Programming/Alexa/askTheDM/src/feats.js":{"path":"/Users/alex/Desktop/Programming/Alexa/askTheDM/src/feats.js","s":{"1":9},"b":{},"f":{},"fnMap":{},"statementMap":{"1":{"start":{"line":1,"column":0},"end":{"line":189,"column":2}}},"branchMap":{}},"/Users/alex/Desktop/Programming/Alexa/askTheDM/src/alexaLib.js":{"path":"/Users/alex/Desktop/Programming/Alexa/askTheDM/src/alexaLib.js","s":{"1":9,"2":9,"3":9,"4":0,"5":0,"6":0,"7":0,"8":0,"9":9,"10":0,"11":0,"12":0,"13":0,"14":0,"15":0,"16":0,"17":0,"18":0,"19":0,"20":9,"21":0,"22":0,"23":0,"24":0,"25":0,"26":0,"27":9,"28":13,"29":11,"30":2},"b":{"1":[0,0],"2":[0,0],"3":[0,0],"4":[11,2],"5":[13,13]},"f":{"1":0,"2":0,"3":0,"4":13},"fnMap":{"1":{"name":"(anonymous_1)","line":5,"loc":{"start":{"line":5,"column":26},"end":{"line":5,"column":56}}},"2":{"name":"(anonymous_2)","line":18,"loc":{"start":{"line":18,"column":19},"end":{"line":18,"column":46}}},"3":{"name":"(anonymous_3)","line":39,"loc":{"start":{"line":39,"column":19},"end":{"line":39,"column":44}}},"4":{"name":"(anonymous_4)","line":51,"loc":{"start":{"line":51,"column":29},"end":{"line":51,"column":44}}}},"statementMap":{"1":{"start":{"line":1,"column":0},"end":{"line":1,"column":51}},"2":{"start":{"line":2,"column":0},"end":{"line":2,"column":44}},"3":{"start":{"line":5,"column":0},"end":{"line":14,"column":2}},"4":{"start":{"line":6,"column":1},"end":{"line":6,"column":45}},"5":{"start":{"line":8,"column":4},"end":{"line":12,"column":5}},"6":{"start":{"line":9,"column":5},"end":{"line":9,"column":72}},"7":{"start":{"line":11,"column":5},"end":{"line":11,"column":58}},"8":{"start":{"line":13,"column":4},"end":{"line":13,"column":24}},"9":{"start":{"line":18,"column":0},"end":{"line":36,"column":2}},"10":{"start":{"line":19,"column":4},"end":{"line":19,"column":24}},"11":{"start":{"line":20,"column":4},"end":{"line":34,"column":5}},"12":{"start":{"line":21,"column":8},"end":{"line":21,"column":32}},"13":{"start":{"line":24,"column":8},"end":{"line":33,"column":9}},"14":{"start":{"line":25,"column":12},"end":{"line":25,"column":35}},"15":{"start":{"line":26,"column":12},"end":{"line":28,"column":13}},"16":{"start":{"line":27,"column":16},"end":{"line":27,"column":51}},"17":{"start":{"line":29,"column":12},"end":{"line":29,"column":68}},"18":{"start":{"line":32,"column":12},"end":{"line":32,"column":46}},"19":{"start":{"line":35,"column":4},"end":{"line":35,"column":63}},"20":{"start":{"line":39,"column":0},"end":{"line":48,"column":2}},"21":{"start":{"line":40,"column":4},"end":{"line":40,"column":18}},"22":{"start":{"line":41,"column":4},"end":{"line":41,"column":19}},"23":{"start":{"line":43,"column":4},"end":{"line":46,"column":5}},"24":{"start":{"line":44,"column":8},"end":{"line":44,"column":56}},"25":{"start":{"line":45,"column":8},"end":{"line":45,"column":28}},"26":{"start":{"line":47,"column":4},"end":{"line":47,"column":18}},"27":{"start":{"line":51,"column":0},"end":{"line":57,"column":2}},"28":{"start":{"line":52,"column":1},"end":{"line":56,"column":2}},"29":{"start":{"line":53,"column":2},"end":{"line":53,"column":34}},"30":{"start":{"line":55,"column":2},"end":{"line":55,"column":14}}},"branchMap":{"1":{"line":8,"type":"if","locations":[{"start":{"line":8,"column":4},"end":{"line":8,"column":4}},{"start":{"line":8,"column":4},"end":{"line":8,"column":4}}]},"2":{"line":20,"type":"if","locations":[{"start":{"line":20,"column":4},"end":{"line":20,"column":4}},{"start":{"line":20,"column":4},"end":{"line":20,"column":4}}]},"3":{"line":24,"type":"if","locations":[{"start":{"line":24,"column":8},"end":{"line":24,"column":8}},{"start":{"line":24,"column":8},"end":{"line":24,"column":8}}]},"4":{"line":52,"type":"if","locations":[{"start":{"line":52,"column":1},"end":{"line":52,"column":1}},{"start":{"line":52,"column":1},"end":{"line":52,"column":1}}]},"5":{"line":52,"type":"binary-expr","locations":[{"start":{"line":52,"column":5},"end":{"line":52,"column":9}},{"start":{"line":52,"column":13},"end":{"line":52,"column":23}}]}}}}