TN:
SF:/Users/alex/Desktop/Programming/Alexa/askTheDM/src/index.js
FN:10,(anonymous_1)
FN:19,(anonymous_2)
FN:39,(anonymous_3)
FN:93,(anonymous_4)
FN:117,(anonymous_5)
FN:144,(anonymous_6)
FN:149,(anonymous_7)
FN:169,(anonymous_8)
FN:201,(anonymous_9)
FN:237,(anonymous_10)
FN:285,(anonymous_11)
FN:331,(anonymous_12)
FN:370,(anonymous_13)
FN:377,(anonymous_14)
FN:386,(anonymous_15)
FN:391,(anonymous_16)
FN:394,(anonymous_17)
FN:397,(anonymous_18)
FN:400,(anonymous_19)
FNF:19
FNH:7
FNDA:13,(anonymous_1)
FNDA:2,(anonymous_2)
FNDA:0,(anonymous_3)
FNDA:0,(anonymous_4)
FNDA:1,(anonymous_5)
FNDA:0,(anonymous_6)
FNDA:0,(anonymous_7)
FNDA:0,(anonymous_8)
FNDA:0,(anonymous_9)
FNDA:2,(anonymous_10)
FNDA:0,(anonymous_11)
FNDA:2,(anonymous_12)
FNDA:0,(anonymous_13)
FNDA:5,(anonymous_14)
FNDA:1,(anonymous_15)
FNDA:0,(anonymous_16)
FNDA:0,(anonymous_17)
FNDA:0,(anonymous_18)
FNDA:0,(anonymous_19)
DA:3,5
DA:4,5
DA:5,5
DA:6,5
DA:7,5
DA:10,5
DA:11,13
DA:12,13
DA:13,13
DA:14,13
DA:15,13
DA:18,5
DA:20,2
DA:21,2
DA:22,2
DA:25,2
DA:26,0
DA:27,2
DA:28,2
DA:30,0
DA:33,2
DA:34,2
DA:36,0
DA:40,0
DA:41,0
DA:42,0
DA:43,0
DA:44,0
DA:45,0
DA:46,0
DA:48,0
DA:50,0
DA:51,0
DA:52,0
DA:55,0
DA:57,0
DA:59,0
DA:60,0
DA:61,0
DA:63,0
DA:64,0
DA:66,0
DA:67,0
DA:70,0
DA:71,0
DA:74,0
DA:83,0
DA:86,0
DA:87,0
DA:90,0
DA:94,0
DA:95,0
DA:97,0
DA:99,0
DA:100,0
DA:101,0
DA:102,0
DA:103,0
DA:104,0
DA:107,0
DA:110,0
DA:111,0
DA:114,0
DA:118,1
DA:119,1
DA:120,1
DA:121,1
DA:123,1
DA:126,1
DA:127,0
DA:128,1
DA:129,0
DA:132,1
DA:133,1
DA:135,0
DA:138,1
DA:139,1
DA:141,0
DA:145,0
DA:146,0
DA:147,0
DA:150,0
DA:151,0
DA:153,0
DA:155,0
DA:156,0
DA:157,0
DA:158,0
DA:160,0
DA:163,0
DA:164,0
DA:166,0
DA:170,0
DA:171,0
DA:172,0
DA:173,0
DA:175,0
DA:177,0
DA:178,0
DA:179,0
DA:181,0
DA:183,0
DA:184,0
DA:185,0
DA:187,0
DA:189,0
DA:190,0
DA:192,0
DA:195,0
DA:196,0
DA:198,0
DA:202,0
DA:203,0
DA:205,0
DA:208,0
DA:209,0
DA:210,0
DA:216,0
DA:225,0
DA:226,0
DA:228,0
DA:231,0
DA:232,0
DA:234,0
DA:238,2
DA:239,2
DA:240,2
DA:241,2
DA:243,2
DA:245,2
DA:246,0
DA:247,2
DA:249,0
DA:253,2
DA:255,0
DA:256,0
DA:257,0
DA:260,2
DA:261,0
DA:263,2
DA:264,0
DA:265,2
DA:266,0
DA:269,2
DA:270,2
DA:271,2
DA:277,2
DA:278,2
DA:281,0
DA:286,0
DA:287,0
DA:288,0
DA:289,0
DA:291,0
DA:293,0
DA:295,0
DA:296,0
DA:298,0
DA:299,0
DA:301,0
DA:303,0
DA:305,0
DA:309,0
DA:311,0
DA:313,0
DA:317,0
DA:324,0
DA:325,0
DA:328,0
DA:332,2
DA:333,2
DA:334,2
DA:335,2
DA:337,2
DA:339,2
DA:342,2
DA:344,1
DA:345,0
DA:346,1
DA:347,0
DA:348,1
DA:349,0
DA:350,0
DA:351,1
DA:352,0
DA:354,1
DA:356,1
DA:357,1
DA:358,0
DA:359,0
DA:361,0
DA:364,2
DA:365,2
DA:367,0
DA:371,0
DA:372,0
DA:373,0
DA:374,0
DA:381,5
DA:382,5
DA:383,5
DA:384,5
DA:387,1
DA:388,1
DA:389,1
DA:392,0
DA:395,0
DA:398,0
DA:401,0
LF:209
LH:70
BRDA:25,1,0,0
BRDA:25,1,1,2
BRDA:27,2,0,2
BRDA:27,2,1,0
BRDA:33,3,0,2
BRDA:33,3,1,0
BRDA:40,4,0,0
BRDA:40,4,1,0
BRDA:41,5,0,0
BRDA:41,5,1,0
BRDA:50,6,0,0
BRDA:50,6,1,0
BRDA:50,7,0,0
BRDA:50,7,1,0
BRDA:50,7,2,0
BRDA:57,8,0,0
BRDA:57,8,1,0
BRDA:61,9,0,0
BRDA:61,9,1,0
BRDA:66,10,0,0
BRDA:66,10,1,0
BRDA:70,11,0,0
BRDA:70,11,1,0
BRDA:86,12,0,0
BRDA:86,12,1,0
BRDA:99,13,0,0
BRDA:99,13,1,0
BRDA:101,14,0,0
BRDA:101,14,1,0
BRDA:103,15,0,0
BRDA:103,15,1,0
BRDA:110,16,0,0
BRDA:110,16,1,0
BRDA:126,17,0,0
BRDA:126,17,1,1
BRDA:126,18,0,1
BRDA:126,18,1,0
BRDA:128,19,0,0
BRDA:128,19,1,1
BRDA:128,20,0,1
BRDA:128,20,1,0
BRDA:132,21,0,1
BRDA:132,21,1,0
BRDA:138,22,0,1
BRDA:138,22,1,0
BRDA:155,23,0,0
BRDA:155,23,1,0
BRDA:157,24,0,0
BRDA:157,24,1,0
BRDA:163,25,0,0
BRDA:163,25,1,0
BRDA:177,26,0,0
BRDA:177,26,1,0
BRDA:177,27,0,0
BRDA:177,27,1,0
BRDA:178,28,0,0
BRDA:178,28,1,0
BRDA:183,29,0,0
BRDA:183,29,1,0
BRDA:183,30,0,0
BRDA:183,30,1,0
BRDA:184,31,0,0
BRDA:184,31,1,0
BRDA:189,32,0,0
BRDA:189,32,1,0
BRDA:195,33,0,0
BRDA:195,33,1,0
BRDA:208,34,0,0
BRDA:208,34,1,0
BRDA:209,35,0,0
BRDA:209,35,1,0
BRDA:225,36,0,0
BRDA:225,36,1,0
BRDA:231,37,0,0
BRDA:231,37,1,0
BRDA:245,38,0,0
BRDA:245,38,1,2
BRDA:245,39,0,2
BRDA:245,39,1,2
BRDA:247,40,0,0
BRDA:247,40,1,2
BRDA:247,41,0,2
BRDA:247,41,1,2
BRDA:253,42,0,0
BRDA:253,42,1,2
BRDA:253,43,0,2
BRDA:253,43,1,2
BRDA:260,44,0,0
BRDA:260,44,1,2
BRDA:260,45,0,2
BRDA:260,45,1,2
BRDA:263,46,0,0
BRDA:263,46,1,2
BRDA:263,47,0,2
BRDA:263,47,1,2
BRDA:265,48,0,0
BRDA:265,48,1,2
BRDA:265,49,0,2
BRDA:265,49,1,2
BRDA:277,50,0,2
BRDA:277,50,1,0
BRDA:293,51,0,0
BRDA:293,51,1,0
BRDA:293,52,0,0
BRDA:293,52,1,0
BRDA:296,53,0,0
BRDA:296,53,1,0
BRDA:296,54,0,0
BRDA:296,54,1,0
BRDA:299,55,0,0
BRDA:299,55,1,0
BRDA:299,56,0,0
BRDA:299,56,1,0
BRDA:303,57,0,0
BRDA:303,57,1,0
BRDA:303,58,0,0
BRDA:303,58,1,0
BRDA:311,59,0,0
BRDA:311,59,1,0
BRDA:311,60,0,0
BRDA:311,60,1,0
BRDA:324,61,0,0
BRDA:324,61,1,0
BRDA:342,62,0,1
BRDA:342,62,1,1
BRDA:342,63,0,2
BRDA:342,63,1,2
BRDA:344,64,0,0
BRDA:344,64,1,1
BRDA:344,65,0,1
BRDA:344,65,1,1
BRDA:344,65,2,0
BRDA:346,66,0,0
BRDA:346,66,1,1
BRDA:346,67,0,1
BRDA:346,67,1,1
BRDA:346,67,2,0
BRDA:348,68,0,0
BRDA:348,68,1,1
BRDA:351,69,0,0
BRDA:351,69,1,1
BRDA:356,70,0,1
BRDA:356,70,1,0
BRDA:356,71,0,1
BRDA:356,71,1,1
BRDA:358,72,0,0
BRDA:358,72,1,0
BRDA:364,73,0,2
BRDA:364,73,1,0
BRF:149
BRH:44
end_of_record
TN:
SF:/Users/alex/Desktop/Programming/Alexa/askTheDM/src/languageStrings.js
FNF:0
FNH:0
DA:1,5
DA:2,5
DA:3,5
DA:4,5
DA:5,5
DA:6,5
DA:8,5
LF:7
LH:7
BRF:0
BRH:0
end_of_record
TN:
SF:/Users/alex/Desktop/Programming/Alexa/askTheDM/src/conditions.js
FNF:0
FNH:0
DA:1,5
LF:1
LH:1
BRF:0
BRH:0
end_of_record
TN:
SF:/Users/alex/Desktop/Programming/Alexa/askTheDM/src/exhaustionLevel.js
FNF:0
FNH:0
DA:1,5
LF:1
LH:1
BRF:0
BRH:0
end_of_record
TN:
SF:/Users/alex/Desktop/Programming/Alexa/askTheDM/src/indexInfo.js
FNF:0
FNH:0
DA:1,5
LF:1
LH:1
BRF:0
BRH:0
end_of_record
TN:
SF:/Users/alex/Desktop/Programming/Alexa/askTheDM/src/items.js
FNF:0
FNH:0
DA:1,5
LF:1
LH:1
BRF:0
BRH:0
end_of_record
TN:
SF:/Users/alex/Desktop/Programming/Alexa/askTheDM/src/feats.js
FNF:0
FNH:0
DA:1,5
LF:1
LH:1
BRF:0
BRH:0
end_of_record
TN:
SF:/Users/alex/Desktop/Programming/Alexa/askTheDM/src/spells.js
FNF:0
FNH:0
DA:1,5
LF:1
LH:1
BRF:0
BRH:0
end_of_record
TN:
SF:/Users/alex/Desktop/Programming/Alexa/askTheDM/src/alexaLib.js
FN:5,(anonymous_1)
FN:18,(anonymous_2)
FN:39,(anonymous_3)
FN:51,(anonymous_4)
FNF:4
FNH:2
FNDA:3,(anonymous_1)
FNDA:0,(anonymous_2)
FNDA:0,(anonymous_3)
FNDA:12,(anonymous_4)
DA:1,5
DA:2,5
DA:5,5
DA:6,3
DA:8,3
DA:9,3
DA:11,0
DA:13,3
DA:18,5
DA:19,0
DA:20,0
DA:21,0
DA:24,0
DA:25,0
DA:26,0
DA:27,0
DA:29,0
DA:32,0
DA:35,0
DA:39,5
DA:40,0
DA:41,0
DA:43,0
DA:44,0
DA:45,0
DA:47,0
DA:51,5
DA:52,12
DA:53,11
DA:55,1
LF:30
LH:13
BRDA:8,1,0,3
BRDA:8,1,1,0
BRDA:20,2,0,0
BRDA:20,2,1,0
BRDA:24,3,0,0
BRDA:24,3,1,0
BRDA:52,4,0,11
BRDA:52,4,1,1
BRDA:52,5,0,12
BRDA:52,5,1,12
BRF:10
BRH:5
end_of_record
