TN:
SF:/Users/alex/Desktop/Programming/Alexa/askTheDM/src/spells.js
FNF:0
FNH:0
DA:1,10
LF:1
LH:1
BRF:0
BRH:0
end_of_record
TN:
SF:/Users/alex/Desktop/Programming/Alexa/askTheDM/src/index.js
FN:10,(anonymous_1)
FN:19,(anonymous_2)
FN:39,(anonymous_3)
FN:93,(anonymous_4)
FN:117,(anonymous_5)
FN:144,(anonymous_6)
FN:149,(anonymous_7)
FN:169,(anonymous_8)
FN:201,(anonymous_9)
FN:237,(anonymous_10)
FN:284,(anonymous_11)
FN:329,(anonymous_12)
FN:368,(anonymous_13)
FN:375,(anonymous_14)
FN:384,(anonymous_15)
FN:389,(anonymous_16)
FN:392,(anonymous_17)
FN:395,(anonymous_18)
FN:398,(anonymous_19)
FNF:19
FNH:6
FNDA:17,(anonymous_1)
FNDA:1,(anonymous_2)
FNDA:0,(anonymous_3)
FNDA:0,(anonymous_4)
FNDA:0,(anonymous_5)
FNDA:0,(anonymous_6)
FNDA:0,(anonymous_7)
FNDA:0,(anonymous_8)
FNDA:0,(anonymous_9)
FNDA:1,(anonymous_10)
FNDA:0,(anonymous_11)
FNDA:5,(anonymous_12)
FNDA:0,(anonymous_13)
FNDA:9,(anonymous_14)
FNDA:1,(anonymous_15)
FNDA:0,(anonymous_16)
FNDA:0,(anonymous_17)
FNDA:0,(anonymous_18)
FNDA:0,(anonymous_19)
DA:3,9
DA:4,9
DA:5,9
DA:6,9
DA:7,9
DA:10,9
DA:11,17
DA:12,17
DA:13,17
DA:14,17
DA:15,17
DA:18,9
DA:20,1
DA:21,1
DA:22,1
DA:25,1
DA:26,1
DA:27,0
DA:28,0
DA:30,0
DA:33,1
DA:34,1
DA:36,0
DA:40,0
DA:41,0
DA:42,0
DA:43,0
DA:44,0
DA:45,0
DA:46,0
DA:48,0
DA:50,0
DA:51,0
DA:52,0
DA:55,0
DA:57,0
DA:59,0
DA:60,0
DA:61,0
DA:63,0
DA:64,0
DA:66,0
DA:67,0
DA:70,0
DA:71,0
DA:74,0
DA:83,0
DA:86,0
DA:87,0
DA:90,0
DA:94,0
DA:95,0
DA:97,0
DA:99,0
DA:100,0
DA:101,0
DA:102,0
DA:103,0
DA:104,0
DA:107,0
DA:110,0
DA:111,0
DA:114,0
DA:118,0
DA:119,0
DA:120,0
DA:121,0
DA:123,0
DA:126,0
DA:127,0
DA:128,0
DA:129,0
DA:132,0
DA:133,0
DA:135,0
DA:138,0
DA:139,0
DA:141,0
DA:145,0
DA:146,0
DA:147,0
DA:150,0
DA:151,0
DA:153,0
DA:155,0
DA:156,0
DA:157,0
DA:158,0
DA:160,0
DA:163,0
DA:164,0
DA:166,0
DA:170,0
DA:171,0
DA:172,0
DA:173,0
DA:175,0
DA:177,0
DA:178,0
DA:179,0
DA:181,0
DA:183,0
DA:184,0
DA:185,0
DA:187,0
DA:189,0
DA:190,0
DA:192,0
DA:195,0
DA:196,0
DA:198,0
DA:202,0
DA:203,0
DA:205,0
DA:208,0
DA:209,0
DA:210,0
DA:216,0
DA:225,0
DA:226,0
DA:228,0
DA:231,0
DA:232,0
DA:234,0
DA:238,1
DA:239,1
DA:240,1
DA:241,1
DA:243,1
DA:245,1
DA:246,0
DA:247,1
DA:249,0
DA:253,1
DA:255,0
DA:256,0
DA:257,0
DA:260,1
DA:261,0
DA:263,1
DA:264,0
DA:265,1
DA:266,0
DA:269,1
DA:270,1
DA:271,1
DA:277,1
DA:278,1
DA:280,0
DA:285,0
DA:286,0
DA:287,0
DA:288,0
DA:290,0
DA:292,0
DA:294,0
DA:295,0
DA:297,0
DA:298,0
DA:300,0
DA:302,0
DA:304,0
DA:308,0
DA:310,0
DA:312,0
DA:316,0
DA:323,0
DA:324,0
DA:326,0
DA:330,5
DA:331,5
DA:332,5
DA:333,5
DA:335,5
DA:337,5
DA:340,5
DA:342,3
DA:343,0
DA:344,3
DA:345,0
DA:346,3
DA:347,0
DA:348,0
DA:349,3
DA:350,0
DA:352,3
DA:354,2
DA:355,2
DA:356,0
DA:357,0
DA:359,0
DA:362,5
DA:363,5
DA:365,0
DA:369,0
DA:370,0
DA:371,0
DA:372,0
DA:379,9
DA:380,9
DA:381,9
DA:382,9
DA:385,1
DA:386,1
DA:387,1
DA:390,0
DA:393,0
DA:396,0
DA:399,0
LF:209
LH:58
BRDA:25,1,0,1
BRDA:25,1,1,0
BRDA:27,2,0,0
BRDA:27,2,1,0
BRDA:33,3,0,1
BRDA:33,3,1,0
BRDA:40,4,0,0
BRDA:40,4,1,0
BRDA:41,5,0,0
BRDA:41,5,1,0
BRDA:50,6,0,0
BRDA:50,6,1,0
BRDA:50,7,0,0
BRDA:50,7,1,0
BRDA:50,7,2,0
BRDA:57,8,0,0
BRDA:57,8,1,0
BRDA:61,9,0,0
BRDA:61,9,1,0
BRDA:66,10,0,0
BRDA:66,10,1,0
BRDA:70,11,0,0
BRDA:70,11,1,0
BRDA:86,12,0,0
BRDA:86,12,1,0
BRDA:99,13,0,0
BRDA:99,13,1,0
BRDA:101,14,0,0
BRDA:101,14,1,0
BRDA:103,15,0,0
BRDA:103,15,1,0
BRDA:110,16,0,0
BRDA:110,16,1,0
BRDA:126,17,0,0
BRDA:126,17,1,0
BRDA:126,18,0,0
BRDA:126,18,1,0
BRDA:128,19,0,0
BRDA:128,19,1,0
BRDA:128,20,0,0
BRDA:128,20,1,0
BRDA:132,21,0,0
BRDA:132,21,1,0
BRDA:138,22,0,0
BRDA:138,22,1,0
BRDA:155,23,0,0
BRDA:155,23,1,0
BRDA:157,24,0,0
BRDA:157,24,1,0
BRDA:163,25,0,0
BRDA:163,25,1,0
BRDA:177,26,0,0
BRDA:177,26,1,0
BRDA:177,27,0,0
BRDA:177,27,1,0
BRDA:178,28,0,0
BRDA:178,28,1,0
BRDA:183,29,0,0
BRDA:183,29,1,0
BRDA:183,30,0,0
BRDA:183,30,1,0
BRDA:184,31,0,0
BRDA:184,31,1,0
BRDA:189,32,0,0
BRDA:189,32,1,0
BRDA:195,33,0,0
BRDA:195,33,1,0
BRDA:208,34,0,0
BRDA:208,34,1,0
BRDA:209,35,0,0
BRDA:209,35,1,0
BRDA:225,36,0,0
BRDA:225,36,1,0
BRDA:231,37,0,0
BRDA:231,37,1,0
BRDA:245,38,0,0
BRDA:245,38,1,1
BRDA:245,39,0,1
BRDA:245,39,1,1
BRDA:247,40,0,0
BRDA:247,40,1,1
BRDA:247,41,0,1
BRDA:247,41,1,1
BRDA:253,42,0,0
BRDA:253,42,1,1
BRDA:253,43,0,1
BRDA:253,43,1,1
BRDA:260,44,0,0
BRDA:260,44,1,1
BRDA:260,45,0,1
BRDA:260,45,1,1
BRDA:263,46,0,0
BRDA:263,46,1,1
BRDA:263,47,0,1
BRDA:263,47,1,1
BRDA:265,48,0,0
BRDA:265,48,1,1
BRDA:265,49,0,1
BRDA:265,49,1,1
BRDA:277,50,0,1
BRDA:277,50,1,0
BRDA:292,51,0,0
BRDA:292,51,1,0
BRDA:292,52,0,0
BRDA:292,52,1,0
BRDA:295,53,0,0
BRDA:295,53,1,0
BRDA:295,54,0,0
BRDA:295,54,1,0
BRDA:298,55,0,0
BRDA:298,55,1,0
BRDA:298,56,0,0
BRDA:298,56,1,0
BRDA:302,57,0,0
BRDA:302,57,1,0
BRDA:302,58,0,0
BRDA:302,58,1,0
BRDA:310,59,0,0
BRDA:310,59,1,0
BRDA:310,60,0,0
BRDA:310,60,1,0
BRDA:323,61,0,0
BRDA:323,61,1,0
BRDA:340,62,0,3
BRDA:340,62,1,2
BRDA:340,63,0,5
BRDA:340,63,1,5
BRDA:342,64,0,0
BRDA:342,64,1,3
BRDA:342,65,0,3
BRDA:342,65,1,3
BRDA:342,65,2,0
BRDA:344,66,0,0
BRDA:344,66,1,3
BRDA:344,67,0,3
BRDA:344,67,1,3
BRDA:344,67,2,0
BRDA:346,68,0,0
BRDA:346,68,1,3
BRDA:349,69,0,0
BRDA:349,69,1,3
BRDA:354,70,0,2
BRDA:354,70,1,0
BRDA:354,71,0,2
BRDA:354,71,1,2
BRDA:356,72,0,0
BRDA:356,72,1,0
BRDA:362,73,0,5
BRDA:362,73,1,0
BRF:149
BRH:37
end_of_record
TN:
SF:/Users/alex/Desktop/Programming/Alexa/askTheDM/src/languageStrings.js
FNF:0
FNH:0
DA:1,9
DA:2,9
DA:3,9
DA:4,9
DA:5,9
DA:6,9
DA:8,9
LF:7
LH:7
BRF:0
BRH:0
end_of_record
TN:
SF:/Users/alex/Desktop/Programming/Alexa/askTheDM/src/conditions.js
FNF:0
FNH:0
DA:1,9
LF:1
LH:1
BRF:0
BRH:0
end_of_record
TN:
SF:/Users/alex/Desktop/Programming/Alexa/askTheDM/src/exhaustionLevel.js
FNF:0
FNH:0
DA:1,9
LF:1
LH:1
BRF:0
BRH:0
end_of_record
TN:
SF:/Users/alex/Desktop/Programming/Alexa/askTheDM/src/indexInfo.js
FNF:0
FNH:0
DA:1,9
LF:1
LH:1
BRF:0
BRH:0
end_of_record
TN:
SF:/Users/alex/Desktop/Programming/Alexa/askTheDM/src/items.js
FNF:0
FNH:0
DA:1,9
LF:1
LH:1
BRF:0
BRH:0
end_of_record
TN:
SF:/Users/alex/Desktop/Programming/Alexa/askTheDM/src/feats.js
FNF:0
FNH:0
DA:1,9
LF:1
LH:1
BRF:0
BRH:0
end_of_record
TN:
SF:/Users/alex/Desktop/Programming/Alexa/askTheDM/src/alexaLib.js
FN:5,(anonymous_1)
FN:18,(anonymous_2)
FN:39,(anonymous_3)
FN:51,(anonymous_4)
FNF:4
FNH:1
FNDA:0,(anonymous_1)
FNDA:0,(anonymous_2)
FNDA:0,(anonymous_3)
FNDA:13,(anonymous_4)
DA:1,9
DA:2,9
DA:5,9
DA:6,0
DA:8,0
DA:9,0
DA:11,0
DA:13,0
DA:18,9
DA:19,0
DA:20,0
DA:21,0
DA:24,0
DA:25,0
DA:26,0
DA:27,0
DA:29,0
DA:32,0
DA:35,0
DA:39,9
DA:40,0
DA:41,0
DA:43,0
DA:44,0
DA:45,0
DA:47,0
DA:51,9
DA:52,13
DA:53,11
DA:55,2
LF:30
LH:9
BRDA:8,1,0,0
BRDA:8,1,1,0
BRDA:20,2,0,0
BRDA:20,2,1,0
BRDA:24,3,0,0
BRDA:24,3,1,0
BRDA:52,4,0,11
BRDA:52,4,1,2
BRDA:52,5,0,13
BRDA:52,5,1,13
BRF:10
BRH:4
end_of_record
